
INFO:__main__:Starting add_question.py at Sat Jan 21 10:43:12 2023
INFO:__main__:Question name not found in solution.cpp
INFO:__main__:Starting add_question.py at Sat Jan 21 10:44:47 2023
INFO:__main__:Question name not found in solution.cpp
INFO:__main__:Starting add_question.py at Sun Jan 22 04:52:56 2023
INFO:__main__:Question name not found in solution.cpp
INFO:__main__:Starting add_question.py at Sun Jan 22 05:42:37 2023
INFO:__main__:Question name not found in solution.cpp
INFO:__main__:Starting add_question.py at Sun Jan 22 05:47:19 2023
INFO:__main__:Question name not found in solution.cpp
INFO:__main__:Starting add_question.py at Sun Jan 22 06:45:44 2023
INFO:__main__:Question: Subordinates Topic: Tree Algorithms found
INFO:__main__:Creating directory ../Tree Algorithms
INFO:__main__:Updating README.md for Tree Algorithms
INFO:__main__:Program finished at Sun Jan 22 06:45:44 2023
INFO:__main__:Starting add_question.py at Sun Jan 22 06:53:33 2023
INFO:__main__:Question name not found in solution.cpp
INFO:__main__:Starting add_question.py at Sun Jan 22 12:24:26 2023
INFO:__main__:Question: Tree Matching Topic: Tree Algorithms found
INFO:__main__:Updating README.md for Tree Algorithms
INFO:__main__:Program finished at Sun Jan 22 12:24:26 2023
INFO:__main__:Starting add_question.py at Sun Jan 22 12:44:16 2023
INFO:__main__:Question: Removal Game Topic: Dynamic Programming found
INFO:__main__:Updating README.md for Dynamic Programming
INFO:__main__:Program finished at Sun Jan 22 12:44:16 2023
INFO:__main__:Starting add_question.py at Sun Jan 22 13:06:08 2023
INFO:__main__:Question: Increasing Subsequence Topic: Dynamic Programming found
INFO:__main__:Updating README.md for Dynamic Programming
INFO:__main__:Program finished at Sun Jan 22 13:06:08 2023
INFO:__main__:Starting add_question.py at Thu Jan 26 17:07:37 2023
INFO:__main__:Question: Distinct Numbers Topic: Sorting and Searching found
INFO:__main__:Updating README.md for Sorting and Searching
INFO:__main__:Program finished at Thu Jan 26 17:07:37 2023
INFO:__main__:Starting add_question.py at Thu Jan 26 17:23:13 2023
INFO:__main__:Question: Apartments Topic: Sorting and Searching found
INFO:__main__:Updating README.md for Sorting and Searching
INFO:__main__:Program finished at Thu Jan 26 17:23:13 2023
INFO:__main__:Starting add_question.py at Thu Jan 26 17:26:51 2023
INFO:__main__:Question: Ferris Wheel Topic: Sorting and Searching found
INFO:__main__:Updating README.md for Sorting and Searching
INFO:__main__:Program finished at Thu Jan 26 17:26:51 2023
INFO:__main__:Starting add_question.py at Fri Jan 27 00:34:36 2023
INFO:__main__:Question: Exponentiation Topic: Mathematics found
INFO:__main__:Creating directory ../Mathematics
INFO:__main__:Updating README.md for Mathematics
INFO:__main__:Program finished at Fri Jan 27 00:34:36 2023
INFO:__main__:Starting add_question.py at Fri Jan 27 00:36:23 2023
INFO:__main__:Question: Exponentiation Topic: Mathematics found
INFO:__main__:Updating README.md for Mathematics
INFO:__main__:Program finished at Fri Jan 27 00:36:23 2023
INFO:__main__:Starting add_question.py at Fri Jan 27 00:39:03 2023
INFO:__main__:Question name not found in solution.cpp
INFO:__main__:Starting add_question.py at Wed Feb 01 04:48:24 2023
INFO:__main__:Question: Company Queries I Topic: Tree Algorithms found
INFO:__main__:Updating README.md for Tree Algorithms
INFO:__main__:Program finished at Wed Feb 01 04:48:24 2023
INFO:__main__:Starting add_question.py at Wed Feb 01 05:02:25 2023
INFO:__main__:Question: Company Queries II Topic: Tree Algorithms found
INFO:__main__:Updating README.md for Tree Algorithms
INFO:__main__:Program finished at Wed Feb 01 05:02:25 2023
INFO:__main__:Starting add_question.py at Wed Feb 01 20:40:33 2023
INFO:__main__:Question: Tree Diameter Topic: Tree Algorithms found
INFO:__main__:Updating README.md for Tree Algorithms
INFO:__main__:Program finished at Wed Feb 01 20:40:33 2023
INFO:__main__:Starting add_question.py at Sat Feb 04 23:17:38 2023
INFO:__main__:Question: Edit Distance Topic: Dynamic Programming found
INFO:__main__:Updating README.md for Dynamic Programming
INFO:__main__:Program finished at Sat Feb 04 23:17:38 2023
INFO:__main__:Starting add_question.py at Sat Feb 04 23:26:10 2023
INFO:__main__:Question name not found in solution.cpp
INFO:__main__:Starting add_question.py at Sat Feb 04 23:28:07 2023
INFO:__main__:Question name not found in solution.cpp
INFO:__main__:Starting add_question.py at Sun Feb 05 03:13:31 2023
INFO:__main__:Question: Money Sums Topic: Dynamic Programming found
INFO:__main__:Updating README.md for Dynamic Programming
INFO:__main__:Program finished at Sun Feb 05 03:13:31 2023
INFO:__main__:Starting add_question.py at Fri Feb 24 19:52:29 2023
INFO:__main__:Question: Course Schedule Topic: Graph Algorithms found
INFO:__main__:Updating README.md for Graph Algorithms
INFO:__main__:Program finished at Fri Feb 24 19:52:29 2023
INFO:__main__:Starting add_question.py at Fri Feb 24 20:49:55 2023
INFO:__main__:Question: Planets Queries I Topic: Graph Algorithms found
INFO:__main__:Updating README.md for Graph Algorithms
INFO:__main__:Program finished at Fri Feb 24 20:49:55 2023
INFO:__main__:Starting add_question.py at Sun Nov 17 03:03:11 2024
INFO:__main__:Question name not found in solution.cpp
INFO:__main__:Starting add_question.py at Sun Nov 17 03:49:47 2024
INFO:__main__:Question: Dynamic Range Sum Queries Topic: Range Queries found
INFO:__main__:Updating README.md for Range Queries
INFO:__main__:Program finished at Sun Nov 17 03:49:47 2024
